Using pre-set license
Built from '2021.1/staging' branch; Version is '2021.1.22f1 (a137e5fb0427) revision 10565605'; Using compiler version '192528614'; Build Type 'Release'
OS: 'Windows 10 Home Single Language; OS build 19042.1348; Version 2009; 64bit' Language: 'es' Physical Memory: 16177 MB
BatchMode: 1, IsHumanControllingUs: 0, StartBugReporterOnCrash: 0, Is64bit: 1, IsPro: 0

COMMAND LINE ARGUMENTS:
C:\Program Files\Unity\Hub\Editor\2021.1.22f1\Editor\Unity.exe
-adb2
-batchMode
-noUpm
-name
AssetImportWorker0
-projectPath
C:/Users/Usuario/Desktop/Desarrollo Samurtime/samurtime-v3-main-main
-logFile
Logs/AssetImportWorker0.log
-srvPort
60294
Successfully changed project path to: C:/Users/Usuario/Desktop/Desarrollo Samurtime/samurtime-v3-main-main
C:/Users/Usuario/Desktop/Desarrollo Samurtime/samurtime-v3-main-main
Using Asset Import Pipeline V2.
Refreshing native plugins compatible for Editor in 40.73 ms, found 3 plugins.
Preloading 0 native plugins for Editor in 0.00 ms.
Initialize engine version: 2021.1.22f1 (a137e5fb0427)
[Subsystems] Discovering subsystems at path C:/Program Files/Unity/Hub/Editor/2021.1.22f1/Editor/Data/Resources/UnitySubsystems
[Subsystems] Discovering subsystems at path C:/Users/Usuario/Desktop/Desarrollo Samurtime/samurtime-v3-main-main/Assets
GfxDevice: creating device client; threaded=0; jobified=0
Direct3D:
    Version:  Direct3D 11.0 [level 11.1]
    Renderer: NVIDIA GeForce GTX 1650 Ti (ID=0x1f95)
    Vendor:   NVIDIA
    VRAM:     3962 MB
    Driver:   27.21.14.6231
Initialize mono
Mono path[0] = 'C:/Program Files/Unity/Hub/Editor/2021.1.22f1/Editor/Data/Managed'
Mono path[1] = 'C:/Program Files/Unity/Hub/Editor/2021.1.22f1/Editor/Data/MonoBleedingEdge/lib/mono/unityjit'
Mono config path = 'C:/Program Files/Unity/Hub/Editor/2021.1.22f1/Editor/Data/MonoBleedingEdge/etc'
Using monoOptions --debugger-agent=transport=dt_socket,embedding=1,server=y,suspend=n,address=127.0.0.1:56720
Begin MonoManager ReloadAssembly
Registering precompiled unity dll's ...
Register platform support module: C:/Program Files/Unity/Hub/Editor/2021.1.22f1/Editor/Data/PlaybackEngines/WindowsStandaloneSupport/UnityEditor.WindowsStandalone.Extensions.dll
Registered in 0.001565 seconds.
Native extension for WindowsStandalone target not found
Refreshing native plugins compatible for Editor in 39.25 ms, found 3 plugins.
Preloading 0 native plugins for Editor in 0.00 ms.
Mono: successfully reloaded assembly
- Completed reload, in  0.887 seconds
Domain Reload Profiling:
	ReloadAssembly (887ms)
		BeginReloadAssembly (56ms)
			ExecutionOrderSort (0ms)
			DisableScriptedObjects (0ms)
			BackupInstance (0ms)
			ReleaseScriptingObjects (0ms)
			CreateAndSetChildDomain (1ms)
		EndReloadAssembly (369ms)
			LoadAssemblies (54ms)
			RebuildTransferFunctionScriptingTraits (0ms)
			SetupTypeCache (144ms)
			ReleaseScriptCaches (0ms)
			RebuildScriptCaches (28ms)
			SetupLoadedEditorAssemblies (159ms)
				LogAssemblyErrors (0ms)
				InitializePlatformSupportModulesInManaged (5ms)
				SetLoadedEditorAssemblies (0ms)
				RefreshPlugins (39ms)
				BeforeProcessingInitializeOnLoad (1ms)
				ProcessInitializeOnLoadAttributes (86ms)
				ProcessInitializeOnLoadMethodAttributes (26ms)
				AfterProcessingInitializeOnLoad (0ms)
				EditorAssembliesLoaded (0ms)
			ExecutionOrderSort2 (0ms)
			AwakeInstancesAfterBackupRestoration (0ms)
Platform modules already initialized, skipping
Registering precompiled user dll's ...
Registered in 0.002547 seconds.
Begin MonoManager ReloadAssembly
Native extension for WindowsStandalone target not found
Refreshing native plugins compatible for Editor in 39.30 ms, found 3 plugins.
Preloading 0 native plugins for Editor in 0.00 ms.
Mono: successfully reloaded assembly
- Completed reload, in  0.984 seconds
Domain Reload Profiling:
	ReloadAssembly (984ms)
		BeginReloadAssembly (133ms)
			ExecutionOrderSort (0ms)
			DisableScriptedObjects (4ms)
			BackupInstance (0ms)
			ReleaseScriptingObjects (0ms)
			CreateAndSetChildDomain (17ms)
		EndReloadAssembly (800ms)
			LoadAssemblies (81ms)
			RebuildTransferFunctionScriptingTraits (0ms)
			SetupTypeCache (269ms)
			ReleaseScriptCaches (0ms)
			RebuildScriptCaches (48ms)
			SetupLoadedEditorAssemblies (318ms)
				LogAssemblyErrors (0ms)
				InitializePlatformSupportModulesInManaged (4ms)
				SetLoadedEditorAssemblies (0ms)
				RefreshPlugins (39ms)
				BeforeProcessingInitializeOnLoad (50ms)
				ProcessInitializeOnLoadAttributes (203ms)
				ProcessInitializeOnLoadMethodAttributes (15ms)
				AfterProcessingInitializeOnLoad (6ms)
				EditorAssembliesLoaded (0ms)
			ExecutionOrderSort2 (0ms)
			AwakeInstancesAfterBackupRestoration (7ms)
Platform modules already initialized, skipping
========================================================================
Worker process is ready to serve import requests
Launched and connected shader compiler UnityShaderCompiler.exe after 0.07 seconds
Refreshing native plugins compatible for Editor in 0.45 ms, found 3 plugins.
Preloading 0 native plugins for Editor in 0.00 ms.
Unloading 2259 Unused Serialized files (Serialized files now loaded: 0)
System memory in use before: 108.0 MB.
System memory in use after: 107.8 MB.

Unloading 28 unused Assets to reduce memory usage. Loaded Objects now: 2720.
Total: 2.955300 ms (FindLiveObjects: 0.187900 ms CreateObjectMapping: 0.108600 ms MarkObjects: 2.481600 ms  DeleteObjects: 0.176600 ms)

AssetImportParameters requested are different than current active one (requested -> active):
  custom:framework-win-MediaFoundation: 216162199b28c13a410421893ffa2e32 -> 
  custom:video-decoder-ogg-theora: a1e56fd34408186e4bbccfd4996cb3dc -> 
  custom:container-muxer-webm: aa71ff27fc2769a1b78a27578f13a17b -> 
  custom:container-demuxer-webm: 4f35f7cbe854078d1ac9338744f61a02 -> 
  custom:container-demuxer-ogg: 62fdf1f143b41e24485cea50d1cbac27 -> 
  custom:video-encoder-webm-vp8: eb34c28f22e8b96e1ab97ce403110664 -> 
  custom:video-codec-MediaFoundation-h265: 746d11721c4dcdbdad8f713fa42b33f4 -> 
  custom:video-decoder-webm-vp8: 9c59270c3fd7afecdb556c50c9e8de78 -> 
  custom:audio-decoder-ogg-vorbis: bf7c407c2cedff20999df2af8eb42d56 -> 
  custom:audio-encoder-webm-vorbis: bf7c407c2cedff20999df2af8eb42d56 -> 
========================================================================
Received Import Request.
  path: Assets
  artifactKey: Guid(00000000000000001000000000000000) Importer(815301076,1909f56bfc062723c751e8b465ee728b)
Start importing Assets using Guid(00000000000000001000000000000000) Importer(815301076,1909f56bfc062723c751e8b465ee728b)  -> (artifact id: '42d402b061de3733987d63b9cc3b64de') in 0.009259 seconds 
========================================================================
Received Import Request.
  Time since last request: 12.303833 seconds.
  path: Assets/sprites finales
  artifactKey: Guid(fb9533e1a1e37d647a5381eeec449fef) Importer(815301076,1909f56bfc062723c751e8b465ee728b)
Start importing Assets/sprites finales using Guid(fb9533e1a1e37d647a5381eeec449fef) Importer(815301076,1909f56bfc062723c751e8b465ee728b)  -> (artifact id: 'f4d010a759c089a728f49ed396dd80b1') in 0.008183 seconds 
========================================================================
Received Import Request.
  Time since last request: 8.397797 seconds.
  path: Assets/sprites finales/Samurai animacion1.png
  artifactKey: Guid(019e2e715cd6b95498bb07816f8b1e86) Importer(815301076,1909f56bfc062723c751e8b465ee728b)
Start importing Assets/sprites finales/Samurai animacion1.png using Guid(019e2e715cd6b95498bb07816f8b1e86) Importer(815301076,1909f56bfc062723c751e8b465ee728b)  -> (artifact id: '68b828271c07f8b9d1390ec423dd8161') in 0.092955 seconds 
========================================================================
Received Import Request.
  Time since last request: 0.000175 seconds.
  path: Assets/sprites finales/Samurai animacion4.png
  artifactKey: Guid(c63afb602001ee84eac7b0cedb393ddb) Importer(815301076,1909f56bfc062723c751e8b465ee728b)
Start importing Assets/sprites finales/Samurai animacion4.png using Guid(c63afb602001ee84eac7b0cedb393ddb) Importer(815301076,1909f56bfc062723c751e8b465ee728b)  -> (artifact id: 'd4ae65d23dac9b7d0c56d4a5503568ca') in 0.012983 seconds 
========================================================================
Received Import Request.
  Time since last request: 0.000131 seconds.
  path: Assets/sprites finales/Samurai animacion8.png
  artifactKey: Guid(b0fc95c405b7bbc40a64526ff33cb2e2) Importer(815301076,1909f56bfc062723c751e8b465ee728b)
Start importing Assets/sprites finales/Samurai animacion8.png using Guid(b0fc95c405b7bbc40a64526ff33cb2e2) Importer(815301076,1909f56bfc062723c751e8b465ee728b)  -> (artifact id: 'b25384df4df8eb8feeb67f183e467641') in 0.011700 seconds 
========================================================================
Received Import Request.
  Time since last request: 0.000136 seconds.
  path: Assets/sprites finales/Samurai animacion9.png
  artifactKey: Guid(67c562ad2984c1447a39634a43fc2553) Importer(815301076,1909f56bfc062723c751e8b465ee728b)
Start importing Assets/sprites finales/Samurai animacion9.png using Guid(67c562ad2984c1447a39634a43fc2553) Importer(815301076,1909f56bfc062723c751e8b465ee728b)  -> (artifact id: '802573a4b943c196df29793275c85ba7') in 0.012420 seconds 
========================================================================
Received Import Request.
  Time since last request: 0.000190 seconds.
  path: Assets/sprites finales/Samurai animacion10.png
  artifactKey: Guid(a3f98ecde1cd8024aa4e9e5f97a93355) Importer(815301076,1909f56bfc062723c751e8b465ee728b)
Start importing Assets/sprites finales/Samurai animacion10.png using Guid(a3f98ecde1cd8024aa4e9e5f97a93355) Importer(815301076,1909f56bfc062723c751e8b465ee728b)  -> (artifact id: '30d58e471d7e7348d00397eacd20e9fe') in 0.011599 seconds 
========================================================================
Received Import Request.
  Time since last request: 0.000173 seconds.
  path: Assets/sprites finales/Samurai animacion5.png
  artifactKey: Guid(8e6f0200eae4f3048a1744e55d714055) Importer(815301076,1909f56bfc062723c751e8b465ee728b)
Start importing Assets/sprites finales/Samurai animacion5.png using Guid(8e6f0200eae4f3048a1744e55d714055) Importer(815301076,1909f56bfc062723c751e8b465ee728b)  -> (artifact id: '7a9a1c058c6dfc33a08f4ddb5e165346') in 0.012852 seconds 
========================================================================
Received Import Request.
  Time since last request: 0.000139 seconds.
  path: Assets/sprites finales/Samurai animacion2.png
  artifactKey: Guid(099e52a1640c86041aa921fcbe74e0a9) Importer(815301076,1909f56bfc062723c751e8b465ee728b)
Start importing Assets/sprites finales/Samurai animacion2.png using Guid(099e52a1640c86041aa921fcbe74e0a9) Importer(815301076,1909f56bfc062723c751e8b465ee728b)  -> (artifact id: 'd69015a9c8f846a36cbd2ccd24b90ea0') in 0.011653 seconds 
========================================================================
Received Import Request.
  Time since last request: 0.000156 seconds.
  path: Assets/sprites finales/Samurai animacion11.png
  artifactKey: Guid(df39b8cbb922f3c4c9dacde4fd93d98b) Importer(815301076,1909f56bfc062723c751e8b465ee728b)
Start importing Assets/sprites finales/Samurai animacion11.png using Guid(df39b8cbb922f3c4c9dacde4fd93d98b) Importer(815301076,1909f56bfc062723c751e8b465ee728b)  -> (artifact id: '389d370c07dbf8a96cb90d52701abe03') in 0.011374 seconds 
========================================================================
Received Import Request.
  Time since last request: 0.000137 seconds.
  path: Assets/sprites finales/Samurai animacion7.png
  artifactKey: Guid(956269f544746604ba4d72e9a72f7603) Importer(815301076,1909f56bfc062723c751e8b465ee728b)
Start importing Assets/sprites finales/Samurai animacion7.png using Guid(956269f544746604ba4d72e9a72f7603) Importer(815301076,1909f56bfc062723c751e8b465ee728b)  -> (artifact id: '657f30eda01ee9410ce4ced232b22dbf') in 0.012408 seconds 
========================================================================
Received Import Request.
  Time since last request: 0.000185 seconds.
  path: Assets/sprites finales/Samurai animacion6.png
  artifactKey: Guid(df019afd7ea1ac94f8d1c977e0414d85) Importer(815301076,1909f56bfc062723c751e8b465ee728b)
Start importing Assets/sprites finales/Samurai animacion6.png using Guid(df019afd7ea1ac94f8d1c977e0414d85) Importer(815301076,1909f56bfc062723c751e8b465ee728b)  -> (artifact id: '46d13600215bc58951862bf4de3140c0') in 0.014611 seconds 
========================================================================
Received Import Request.
  Time since last request: 0.000155 seconds.
  path: Assets/sprites finales/Samurai animacion12.png
  artifactKey: Guid(76140eed43b1a3544b55755b070efe42) Importer(815301076,1909f56bfc062723c751e8b465ee728b)
Start importing Assets/sprites finales/Samurai animacion12.png using Guid(76140eed43b1a3544b55755b070efe42) Importer(815301076,1909f56bfc062723c751e8b465ee728b)  -> (artifact id: '078076a5c71f40596b2c1a03c5f9e6e5') in 0.011980 seconds 
========================================================================
Received Import Request.
  Time since last request: 0.000176 seconds.
  path: Assets/sprites finales/Samurai animacion3.png
  artifactKey: Guid(e504d44ee13415e45a42bb0de007bd3c) Importer(815301076,1909f56bfc062723c751e8b465ee728b)
Start importing Assets/sprites finales/Samurai animacion3.png using Guid(e504d44ee13415e45a42bb0de007bd3c) Importer(815301076,1909f56bfc062723c751e8b465ee728b)  -> (artifact id: '05f747120953378e279183182a199b46') in 0.013008 seconds 
========================================================================
Received Import Request.
  Time since last request: 13.160971 seconds.
  path: Assets/sprites finales/araña.pix2d_0000.png
  artifactKey: Guid(c76fef3314ceef64c8fdb440a0a31e42) Importer(815301076,1909f56bfc062723c751e8b465ee728b)
Start importing Assets/sprites finales/araña.pix2d_0000.png using Guid(c76fef3314ceef64c8fdb440a0a31e42) Importer(815301076,1909f56bfc062723c751e8b465ee728b)  -> (artifact id: 'c78cad36688f4f4d42b4f3c61758fc88') in 0.011680 seconds 
========================================================================
Received Import Request.
  Time since last request: 0.000137 seconds.
  path: Assets/sprites finales/araña.pix2d_0002.png
  artifactKey: Guid(2481815703a89ad4c919acac5344bdd3) Importer(815301076,1909f56bfc062723c751e8b465ee728b)
Start importing Assets/sprites finales/araña.pix2d_0002.png using Guid(2481815703a89ad4c919acac5344bdd3) Importer(815301076,1909f56bfc062723c751e8b465ee728b)  -> (artifact id: '9401c7351afe9cc83aaa80c2688b001d') in 0.011159 seconds 
========================================================================
Received Import Request.
  Time since last request: 0.000163 seconds.
  path: Assets/sprites finales/araña.pix2d_0004.png
  artifactKey: Guid(c826894c82350ff4883d3c8d088e6606) Importer(815301076,1909f56bfc062723c751e8b465ee728b)
Start importing Assets/sprites finales/araña.pix2d_0004.png using Guid(c826894c82350ff4883d3c8d088e6606) Importer(815301076,1909f56bfc062723c751e8b465ee728b)  -> (artifact id: '26f8555724a4199c1f74937ea725894a') in 0.010705 seconds 
========================================================================
Received Import Request.
  Time since last request: 0.000154 seconds.
  path: Assets/sprites finales/araña.pix2d_0003.png
  artifactKey: Guid(56636c7accdd5f549bc9f75b0f0d84d3) Importer(815301076,1909f56bfc062723c751e8b465ee728b)
Start importing Assets/sprites finales/araña.pix2d_0003.png using Guid(56636c7accdd5f549bc9f75b0f0d84d3) Importer(815301076,1909f56bfc062723c751e8b465ee728b)  -> (artifact id: '36aa6f8236fa6e570f03744c6ab930f7') in 0.010505 seconds 
========================================================================
Received Import Request.
  Time since last request: 0.000148 seconds.
  path: Assets/sprites finales/araña.pix2d_0001.png
  artifactKey: Guid(516e207097167454c950f6fafad2b34b) Importer(815301076,1909f56bfc062723c751e8b465ee728b)
Start importing Assets/sprites finales/araña.pix2d_0001.png using Guid(516e207097167454c950f6fafad2b34b) Importer(815301076,1909f56bfc062723c751e8b465ee728b)  -> (artifact id: 'cc32c42e055254774b3526a67eeb3847') in 0.010893 seconds 
========================================================================
Received Import Request.
  Time since last request: 370.553421 seconds.
  path: Assets/sprites finales/araña 1.png
  artifactKey: Guid(de0b2561ac69e8447bc12f0fd00be0b6) Importer(815301076,1909f56bfc062723c751e8b465ee728b)
Start importing Assets/sprites finales/araña 1.png using Guid(de0b2561ac69e8447bc12f0fd00be0b6) Importer(815301076,1909f56bfc062723c751e8b465ee728b)  -> (artifact id: '339cfc3560fbfacdd719b8b87c35eba5') in 0.012491 seconds 
========================================================================
Received Import Request.
  Time since last request: 0.000168 seconds.
  path: Assets/sprites finales/araña 2.png
  artifactKey: Guid(fcc77d85d68614a41bf0b62d39331dcd) Importer(815301076,1909f56bfc062723c751e8b465ee728b)
Start importing Assets/sprites finales/araña 2.png using Guid(fcc77d85d68614a41bf0b62d39331dcd) Importer(815301076,1909f56bfc062723c751e8b465ee728b)  -> (artifact id: '77b19d6b2bfc95c502a2ca972052dbea') in 0.010377 seconds 
========================================================================
Received Prepare
Registering precompiled user dll's ...
Registered in 0.002467 seconds.
Begin MonoManager ReloadAssembly
Native extension for WindowsStandalone target not found
Refreshing native plugins compatible for Editor in 0.54 ms, found 3 plugins.
Preloading 0 native plugins for Editor in 0.00 ms.
Mono: successfully reloaded assembly
- Completed reload, in  1.010 seconds
Domain Reload Profiling:
	ReloadAssembly (1011ms)
		BeginReloadAssembly (116ms)
			ExecutionOrderSort (0ms)
			DisableScriptedObjects (6ms)
			BackupInstance (0ms)
			ReleaseScriptingObjects (0ms)
			CreateAndSetChildDomain (34ms)
		EndReloadAssembly (840ms)
			LoadAssemblies (85ms)
			RebuildTransferFunctionScriptingTraits (0ms)
			SetupTypeCache (279ms)
			ReleaseScriptCaches (1ms)
			RebuildScriptCaches (40ms)
			SetupLoadedEditorAssemblies (280ms)
				LogAssemblyErrors (0ms)
				InitializePlatformSupportModulesInManaged (5ms)
				SetLoadedEditorAssemblies (0ms)
				RefreshPlugins (1ms)
				BeforeProcessingInitializeOnLoad (48ms)
				ProcessInitializeOnLoadAttributes (211ms)
				ProcessInitializeOnLoadMethodAttributes (9ms)
				AfterProcessingInitializeOnLoad (6ms)
				EditorAssembliesLoaded (0ms)
			ExecutionOrderSort2 (0ms)
			AwakeInstancesAfterBackupRestoration (17ms)
Platform modules already initialized, skipping
Refreshing native plugins compatible for Editor in 0.53 ms, found 3 plugins.
Preloading 0 native plugins for Editor in 0.00 ms.
Unloading 2244 Unused Serialized files (Serialized files now loaded: 0)
System memory in use before: 120.3 MB.
System memory in use after: 120.2 MB.

Unloading 16 unused Assets to reduce memory usage. Loaded Objects now: 3011.
Total: 3.273600 ms (FindLiveObjects: 0.318100 ms CreateObjectMapping: 0.185500 ms MarkObjects: 2.606700 ms  DeleteObjects: 0.162400 ms)

AssetImportParameters requested are different than current active one (requested -> active):
  custom:framework-win-MediaFoundation: 216162199b28c13a410421893ffa2e32 -> 
  custom:video-decoder-ogg-theora: a1e56fd34408186e4bbccfd4996cb3dc -> 
  custom:container-muxer-webm: aa71ff27fc2769a1b78a27578f13a17b -> 
  custom:container-demuxer-webm: 4f35f7cbe854078d1ac9338744f61a02 -> 
  custom:container-demuxer-ogg: 62fdf1f143b41e24485cea50d1cbac27 -> 
  custom:video-encoder-webm-vp8: eb34c28f22e8b96e1ab97ce403110664 -> 
  custom:video-codec-MediaFoundation-h265: 746d11721c4dcdbdad8f713fa42b33f4 -> 
  custom:video-decoder-webm-vp8: 9c59270c3fd7afecdb556c50c9e8de78 -> 
  custom:audio-decoder-ogg-vorbis: bf7c407c2cedff20999df2af8eb42d56 -> 
  custom:audio-encoder-webm-vorbis: bf7c407c2cedff20999df2af8eb42d56 -> 
========================================================================
Received Import Request.
  Time since last request: 663.811277 seconds.
  path: Assets/Prefab/GameManager.prefab
  artifactKey: Guid(931ba21f77e6c2945a8cdafae2806af7) Importer(815301076,1909f56bfc062723c751e8b465ee728b)
Start importing Assets/Prefab/GameManager.prefab using Guid(931ba21f77e6c2945a8cdafae2806af7) Importer(815301076,1909f56bfc062723c751e8b465ee728b)  -> (artifact id: '346b92fc82402b45e5f3ebc2929bfc84') in 0.034471 seconds 
========================================================================
Received Prepare
Registering precompiled user dll's ...
Registered in 0.002909 seconds.
Begin MonoManager ReloadAssembly
Native extension for WindowsStandalone target not found
Refreshing native plugins compatible for Editor in 0.85 ms, found 3 plugins.
Preloading 0 native plugins for Editor in 0.00 ms.
Mono: successfully reloaded assembly
- Completed reload, in  0.950 seconds
Domain Reload Profiling:
	ReloadAssembly (950ms)
		BeginReloadAssembly (109ms)
			ExecutionOrderSort (0ms)
			DisableScriptedObjects (8ms)
			BackupInstance (0ms)
			ReleaseScriptingObjects (0ms)
			CreateAndSetChildDomain (34ms)
		EndReloadAssembly (788ms)
			LoadAssemblies (83ms)
			RebuildTransferFunctionScriptingTraits (0ms)
			SetupTypeCache (278ms)
			ReleaseScriptCaches (1ms)
			RebuildScriptCaches (39ms)
			SetupLoadedEditorAssemblies (262ms)
				LogAssemblyErrors (0ms)
				InitializePlatformSupportModulesInManaged (8ms)
				SetLoadedEditorAssemblies (1ms)
				RefreshPlugins (1ms)
				BeforeProcessingInitializeOnLoad (51ms)
				ProcessInitializeOnLoadAttributes (189ms)
				ProcessInitializeOnLoadMethodAttributes (8ms)
				AfterProcessingInitializeOnLoad (5ms)
				EditorAssembliesLoaded (0ms)
			ExecutionOrderSort2 (0ms)
			AwakeInstancesAfterBackupRestoration (15ms)
Platform modules already initialized, skipping
Refreshing native plugins compatible for Editor in 0.47 ms, found 3 plugins.
Preloading 0 native plugins for Editor in 0.00 ms.
Unloading 2230 Unused Serialized files (Serialized files now loaded: 0)
System memory in use before: 119.8 MB.
System memory in use after: 119.7 MB.

Unloading 16 unused Assets to reduce memory usage. Loaded Objects now: 3014.
Total: 3.163400 ms (FindLiveObjects: 0.231000 ms CreateObjectMapping: 0.088200 ms MarkObjects: 2.659200 ms  DeleteObjects: 0.184400 ms)

AssetImportParameters requested are different than current active one (requested -> active):
  custom:framework-win-MediaFoundation: 216162199b28c13a410421893ffa2e32 -> 
  custom:video-decoder-ogg-theora: a1e56fd34408186e4bbccfd4996cb3dc -> 
  custom:container-muxer-webm: aa71ff27fc2769a1b78a27578f13a17b -> 
  custom:container-demuxer-webm: 4f35f7cbe854078d1ac9338744f61a02 -> 
  custom:container-demuxer-ogg: 62fdf1f143b41e24485cea50d1cbac27 -> 
  custom:video-encoder-webm-vp8: eb34c28f22e8b96e1ab97ce403110664 -> 
  custom:video-codec-MediaFoundation-h265: 746d11721c4dcdbdad8f713fa42b33f4 -> 
  custom:video-decoder-webm-vp8: 9c59270c3fd7afecdb556c50c9e8de78 -> 
  custom:audio-decoder-ogg-vorbis: bf7c407c2cedff20999df2af8eb42d56 -> 
  custom:audio-encoder-webm-vorbis: bf7c407c2cedff20999df2af8eb42d56 -> 
========================================================================
Received Import Request.
  Time since last request: 16.078884 seconds.
  path: Assets/Prefab/Araña.prefab
  artifactKey: Guid(d7f24b4ccfa20d64f88279515ef59877) Importer(815301076,1909f56bfc062723c751e8b465ee728b)
Start importing Assets/Prefab/Araña.prefab using Guid(d7f24b4ccfa20d64f88279515ef59877) Importer(815301076,1909f56bfc062723c751e8b465ee728b)  -> (artifact id: '802cef76c45d5bde9c4a1d7cf4d86698') in 0.051278 seconds 
========================================================================
Received Import Request.
  Time since last request: 195.331605 seconds.
  path: Assets/animaciones
  artifactKey: Guid(ecd62b4d915936449897bc69673fb213) Importer(815301076,1909f56bfc062723c751e8b465ee728b)
Start importing Assets/animaciones using Guid(ecd62b4d915936449897bc69673fb213) Importer(815301076,1909f56bfc062723c751e8b465ee728b)  -> (artifact id: '4fb9925ed6fc3c166d1000409ee9ff1c') in 0.006085 seconds 
========================================================================
Received Import Request.
  Time since last request: 93.745354 seconds.
  path: Assets/sprites finales/Personaje.anim
  artifactKey: Guid(3a1d10fa03074a94bba5f88551ecd798) Importer(815301076,1909f56bfc062723c751e8b465ee728b)
Start importing Assets/sprites finales/Personaje.anim using Guid(3a1d10fa03074a94bba5f88551ecd798) Importer(815301076,1909f56bfc062723c751e8b465ee728b)  -> (artifact id: '052833535e1c970f548e48ac72fb5bde') in 0.010236 seconds 
========================================================================
Received Import Request.
  Time since last request: 20.720958 seconds.
  path: Assets/animaciones/Personaje.controller
  artifactKey: Guid(3e100b21d4159a04989281c93c576a0a) Importer(815301076,1909f56bfc062723c751e8b465ee728b)
Start importing Assets/animaciones/Personaje.controller using Guid(3e100b21d4159a04989281c93c576a0a) Importer(815301076,1909f56bfc062723c751e8b465ee728b)  -> (artifact id: 'f8bb382ad9016f1800f7de2e4520fda9') in 0.004162 seconds 
========================================================================
Received Import Request.
  Time since last request: 193.533560 seconds.
  path: Assets/Standard Assets/2D/Sprites/RobotBoyWalkSprite.png
  artifactKey: Guid(feda0c18015b3284cabbc0da85254f9a) Importer(815301076,1909f56bfc062723c751e8b465ee728b)
Start importing Assets/Standard Assets/2D/Sprites/RobotBoyWalkSprite.png using Guid(feda0c18015b3284cabbc0da85254f9a) Importer(815301076,1909f56bfc062723c751e8b465ee728b)  -> (artifact id: '056b67becbb14ede7fd25553bbd77762') in 0.064352 seconds 
========================================================================
Received Prepare
Registering precompiled user dll's ...
Registered in 0.002420 seconds.
Begin MonoManager ReloadAssembly
Native extension for WindowsStandalone target not found
Refreshing native plugins compatible for Editor in 0.94 ms, found 3 plugins.
Preloading 0 native plugins for Editor in 0.00 ms.
Mono: successfully reloaded assembly
- Completed reload, in  1.044 seconds
Domain Reload Profiling:
	ReloadAssembly (1045ms)
		BeginReloadAssembly (126ms)
			ExecutionOrderSort (0ms)
			DisableScriptedObjects (7ms)
			BackupInstance (0ms)
			ReleaseScriptingObjects (0ms)
			CreateAndSetChildDomain (38ms)
		EndReloadAssembly (864ms)
			LoadAssemblies (86ms)
			RebuildTransferFunctionScriptingTraits (0ms)
			SetupTypeCache (286ms)
			ReleaseScriptCaches (1ms)
			RebuildScriptCaches (38ms)
			SetupLoadedEditorAssemblies (316ms)
				LogAssemblyErrors (0ms)
				InitializePlatformSupportModulesInManaged (8ms)
				SetLoadedEditorAssemblies (1ms)
				RefreshPlugins (1ms)
				BeforeProcessingInitializeOnLoad (63ms)
				ProcessInitializeOnLoadAttributes (227ms)
				ProcessInitializeOnLoadMethodAttributes (10ms)
				AfterProcessingInitializeOnLoad (7ms)
				EditorAssembliesLoaded (0ms)
			ExecutionOrderSort2 (0ms)
			AwakeInstancesAfterBackupRestoration (18ms)
Platform modules already initialized, skipping
Refreshing native plugins compatible for Editor in 0.46 ms, found 3 plugins.
Preloading 0 native plugins for Editor in 0.00 ms.
Unloading 2231 Unused Serialized files (Serialized files now loaded: 0)
System memory in use before: 124.5 MB.
System memory in use after: 124.4 MB.

Unloading 16 unused Assets to reduce memory usage. Loaded Objects now: 3036.
Total: 3.282200 ms (FindLiveObjects: 0.257400 ms CreateObjectMapping: 0.123000 ms MarkObjects: 2.738500 ms  DeleteObjects: 0.162500 ms)

AssetImportParameters requested are different than current active one (requested -> active):
  custom:framework-win-MediaFoundation: 216162199b28c13a410421893ffa2e32 -> 
  custom:video-decoder-ogg-theora: a1e56fd34408186e4bbccfd4996cb3dc -> 
  custom:container-muxer-webm: aa71ff27fc2769a1b78a27578f13a17b -> 
  custom:container-demuxer-webm: 4f35f7cbe854078d1ac9338744f61a02 -> 
  custom:container-demuxer-ogg: 62fdf1f143b41e24485cea50d1cbac27 -> 
  custom:video-encoder-webm-vp8: eb34c28f22e8b96e1ab97ce403110664 -> 
  custom:video-codec-MediaFoundation-h265: 746d11721c4dcdbdad8f713fa42b33f4 -> 
  custom:video-decoder-webm-vp8: 9c59270c3fd7afecdb556c50c9e8de78 -> 
  custom:audio-decoder-ogg-vorbis: bf7c407c2cedff20999df2af8eb42d56 -> 
  custom:audio-encoder-webm-vorbis: bf7c407c2cedff20999df2af8eb42d56 -> 
========================================================================
Received Prepare
Registering precompiled user dll's ...
Registered in 0.002567 seconds.
Begin MonoManager ReloadAssembly
Native extension for WindowsStandalone target not found
Refreshing native plugins compatible for Editor in 1.05 ms, found 3 plugins.
Preloading 0 native plugins for Editor in 0.00 ms.
Mono: successfully reloaded assembly
- Completed reload, in  1.064 seconds
Domain Reload Profiling:
	ReloadAssembly (1064ms)
		BeginReloadAssembly (128ms)
			ExecutionOrderSort (0ms)
			DisableScriptedObjects (8ms)
			BackupInstance (0ms)
			ReleaseScriptingObjects (0ms)
			CreateAndSetChildDomain (38ms)
		EndReloadAssembly (875ms)
			LoadAssemblies (81ms)
			RebuildTransferFunctionScriptingTraits (0ms)
			SetupTypeCache (284ms)
			ReleaseScriptCaches (1ms)
			RebuildScriptCaches (39ms)
			SetupLoadedEditorAssemblies (327ms)
				LogAssemblyErrors (0ms)
				InitializePlatformSupportModulesInManaged (8ms)
				SetLoadedEditorAssemblies (1ms)
				RefreshPlugins (1ms)
				BeforeProcessingInitializeOnLoad (63ms)
				ProcessInitializeOnLoadAttributes (239ms)
				ProcessInitializeOnLoadMethodAttributes (10ms)
				AfterProcessingInitializeOnLoad (5ms)
				EditorAssembliesLoaded (0ms)
			ExecutionOrderSort2 (0ms)
			AwakeInstancesAfterBackupRestoration (21ms)
Platform modules already initialized, skipping
Refreshing native plugins compatible for Editor in 0.50 ms, found 3 plugins.
Preloading 0 native plugins for Editor in 0.00 ms.
Unloading 2230 Unused Serialized files (Serialized files now loaded: 0)
System memory in use before: 124.5 MB.
System memory in use after: 124.3 MB.

Unloading 16 unused Assets to reduce memory usage. Loaded Objects now: 3039.
Total: 3.046200 ms (FindLiveObjects: 0.205200 ms CreateObjectMapping: 0.109700 ms MarkObjects: 2.566800 ms  DeleteObjects: 0.163500 ms)

AssetImportParameters requested are different than current active one (requested -> active):
  custom:framework-win-MediaFoundation: 216162199b28c13a410421893ffa2e32 -> 
  custom:video-decoder-ogg-theora: a1e56fd34408186e4bbccfd4996cb3dc -> 
  custom:container-muxer-webm: aa71ff27fc2769a1b78a27578f13a17b -> 
  custom:container-demuxer-webm: 4f35f7cbe854078d1ac9338744f61a02 -> 
  custom:container-demuxer-ogg: 62fdf1f143b41e24485cea50d1cbac27 -> 
  custom:video-encoder-webm-vp8: eb34c28f22e8b96e1ab97ce403110664 -> 
  custom:video-codec-MediaFoundation-h265: 746d11721c4dcdbdad8f713fa42b33f4 -> 
  custom:video-decoder-webm-vp8: 9c59270c3fd7afecdb556c50c9e8de78 -> 
  custom:audio-decoder-ogg-vorbis: bf7c407c2cedff20999df2af8eb42d56 -> 
  custom:audio-encoder-webm-vorbis: bf7c407c2cedff20999df2af8eb42d56 -> 
========================================================================
Received Prepare
Registering precompiled user dll's ...
Registered in 0.002400 seconds.
Begin MonoManager ReloadAssembly
Native extension for WindowsStandalone target not found
Refreshing native plugins compatible for Editor in 0.87 ms, found 3 plugins.
Preloading 0 native plugins for Editor in 0.00 ms.
Mono: successfully reloaded assembly
- Completed reload, in  1.017 seconds
Domain Reload Profiling:
	ReloadAssembly (1017ms)
		BeginReloadAssembly (124ms)
			ExecutionOrderSort (0ms)
			DisableScriptedObjects (9ms)
			BackupInstance (0ms)
			ReleaseScriptingObjects (0ms)
			CreateAndSetChildDomain (32ms)
		EndReloadAssembly (832ms)
			LoadAssemblies (81ms)
			RebuildTransferFunctionScriptingTraits (0ms)
			SetupTypeCache (271ms)
			ReleaseScriptCaches (1ms)
			RebuildScriptCaches (38ms)
			SetupLoadedEditorAssemblies (316ms)
				LogAssemblyErrors (0ms)
				InitializePlatformSupportModulesInManaged (7ms)
				SetLoadedEditorAssemblies (1ms)
				RefreshPlugins (1ms)
				BeforeProcessingInitializeOnLoad (61ms)
				ProcessInitializeOnLoadAttributes (233ms)
				ProcessInitializeOnLoadMethodAttributes (8ms)
				AfterProcessingInitializeOnLoad (5ms)
				EditorAssembliesLoaded (0ms)
			ExecutionOrderSort2 (0ms)
			AwakeInstancesAfterBackupRestoration (16ms)
Platform modules already initialized, skipping
Refreshing native plugins compatible for Editor in 0.49 ms, found 3 plugins.
Preloading 0 native plugins for Editor in 0.00 ms.
Unloading 2230 Unused Serialized files (Serialized files now loaded: 0)
System memory in use before: 124.4 MB.
System memory in use after: 124.2 MB.

Unloading 16 unused Assets to reduce memory usage. Loaded Objects now: 3042.
Total: 3.534100 ms (FindLiveObjects: 0.265900 ms CreateObjectMapping: 0.160600 ms MarkObjects: 2.933300 ms  DeleteObjects: 0.173200 ms)

AssetImportParameters requested are different than current active one (requested -> active):
  custom:framework-win-MediaFoundation: 216162199b28c13a410421893ffa2e32 -> 
  custom:video-decoder-ogg-theora: a1e56fd34408186e4bbccfd4996cb3dc -> 
  custom:container-muxer-webm: aa71ff27fc2769a1b78a27578f13a17b -> 
  custom:container-demuxer-webm: 4f35f7cbe854078d1ac9338744f61a02 -> 
  custom:container-demuxer-ogg: 62fdf1f143b41e24485cea50d1cbac27 -> 
  custom:video-encoder-webm-vp8: eb34c28f22e8b96e1ab97ce403110664 -> 
  custom:video-codec-MediaFoundation-h265: 746d11721c4dcdbdad8f713fa42b33f4 -> 
  custom:video-decoder-webm-vp8: 9c59270c3fd7afecdb556c50c9e8de78 -> 
  custom:audio-decoder-ogg-vorbis: bf7c407c2cedff20999df2af8eb42d56 -> 
  custom:audio-encoder-webm-vorbis: bf7c407c2cedff20999df2af8eb42d56 -> 
========================================================================
Received Prepare
Registering precompiled user dll's ...
Registered in 0.002834 seconds.
Begin MonoManager ReloadAssembly
Native extension for WindowsStandalone target not found
Refreshing native plugins compatible for Editor in 0.68 ms, found 3 plugins.
Preloading 0 native plugins for Editor in 0.00 ms.
Mono: successfully reloaded assembly
- Completed reload, in  0.949 seconds
Domain Reload Profiling:
	ReloadAssembly (949ms)
		BeginReloadAssembly (113ms)
			ExecutionOrderSort (0ms)
			DisableScriptedObjects (8ms)
			BackupInstance (0ms)
			ReleaseScriptingObjects (0ms)
			CreateAndSetChildDomain (32ms)
		EndReloadAssembly (784ms)
			LoadAssemblies (81ms)
			RebuildTransferFunctionScriptingTraits (0ms)
			SetupTypeCache (264ms)
			ReleaseScriptCaches (1ms)
			RebuildScriptCaches (39ms)
			SetupLoadedEditorAssemblies (273ms)
				LogAssemblyErrors (0ms)
				InitializePlatformSupportModulesInManaged (7ms)
				SetLoadedEditorAssemblies (1ms)
				RefreshPlugins (1ms)
				BeforeProcessingInitializeOnLoad (61ms)
				ProcessInitializeOnLoadAttributes (190ms)
				ProcessInitializeOnLoadMethodAttributes (8ms)
				AfterProcessingInitializeOnLoad (5ms)
				EditorAssembliesLoaded (0ms)
			ExecutionOrderSort2 (0ms)
			AwakeInstancesAfterBackupRestoration (16ms)
Platform modules already initialized, skipping
Refreshing native plugins compatible for Editor in 0.47 ms, found 3 plugins.
Preloading 0 native plugins for Editor in 0.00 ms.
Unloading 2230 Unused Serialized files (Serialized files now loaded: 0)
System memory in use before: 124.5 MB.
System memory in use after: 124.3 MB.

Unloading 16 unused Assets to reduce memory usage. Loaded Objects now: 3045.
Total: 3.446300 ms (FindLiveObjects: 0.199400 ms CreateObjectMapping: 0.099300 ms MarkObjects: 2.945500 ms  DeleteObjects: 0.201500 ms)

AssetImportParameters requested are different than current active one (requested -> active):
  custom:framework-win-MediaFoundation: 216162199b28c13a410421893ffa2e32 -> 
  custom:video-decoder-ogg-theora: a1e56fd34408186e4bbccfd4996cb3dc -> 
  custom:container-muxer-webm: aa71ff27fc2769a1b78a27578f13a17b -> 
  custom:container-demuxer-webm: 4f35f7cbe854078d1ac9338744f61a02 -> 
  custom:container-demuxer-ogg: 62fdf1f143b41e24485cea50d1cbac27 -> 
  custom:video-encoder-webm-vp8: eb34c28f22e8b96e1ab97ce403110664 -> 
  custom:video-codec-MediaFoundation-h265: 746d11721c4dcdbdad8f713fa42b33f4 -> 
  custom:video-decoder-webm-vp8: 9c59270c3fd7afecdb556c50c9e8de78 -> 
  custom:audio-decoder-ogg-vorbis: bf7c407c2cedff20999df2af8eb42d56 -> 
  custom:audio-encoder-webm-vorbis: bf7c407c2cedff20999df2af8eb42d56 -> 
========================================================================
Received Import Request.
  Time since last request: 564.335325 seconds.
  path: Assets/Prefab/Araña 1.prefab
  artifactKey: Guid(1db110e7fc2b10647812b13754942e56) Importer(815301076,1909f56bfc062723c751e8b465ee728b)
Start importing Assets/Prefab/Araña 1.prefab using Guid(1db110e7fc2b10647812b13754942e56) Importer(815301076,1909f56bfc062723c751e8b465ee728b)  -> (artifact id: 'c0c912c66d53e9205302493dc6166eff') in 0.058273 seconds 
========================================================================
Received Prepare
Registering precompiled user dll's ...
Registered in 0.002532 seconds.
Begin MonoManager ReloadAssembly
Native extension for WindowsStandalone target not found
Refreshing native plugins compatible for Editor in 0.55 ms, found 3 plugins.
Preloading 0 native plugins for Editor in 0.00 ms.
Mono: successfully reloaded assembly
- Completed reload, in  1.016 seconds
Domain Reload Profiling:
	ReloadAssembly (1017ms)
		BeginReloadAssembly (117ms)
			ExecutionOrderSort (0ms)
			DisableScriptedObjects (7ms)
			BackupInstance (0ms)
			ReleaseScriptingObjects (0ms)
			CreateAndSetChildDomain (35ms)
		EndReloadAssembly (846ms)
			LoadAssemblies (80ms)
			RebuildTransferFunctionScriptingTraits (0ms)
			SetupTypeCache (266ms)
			ReleaseScriptCaches (1ms)
			RebuildScriptCaches (40ms)
			SetupLoadedEditorAssemblies (342ms)
				LogAssemblyErrors (0ms)
				InitializePlatformSupportModulesInManaged (4ms)
				SetLoadedEditorAssemblies (0ms)
				RefreshPlugins (1ms)
				BeforeProcessingInitializeOnLoad (79ms)
				ProcessInitializeOnLoadAttributes (244ms)
				ProcessInitializeOnLoadMethodAttributes (8ms)
				AfterProcessingInitializeOnLoad (6ms)
				EditorAssembliesLoaded (0ms)
			ExecutionOrderSort2 (0ms)
			AwakeInstancesAfterBackupRestoration (22ms)
Platform modules already initialized, skipping
Refreshing native plugins compatible for Editor in 0.56 ms, found 3 plugins.
Preloading 0 native plugins for Editor in 0.00 ms.
Unloading 2230 Unused Serialized files (Serialized files now loaded: 0)
System memory in use before: 124.5 MB.
System memory in use after: 124.4 MB.

Unloading 16 unused Assets to reduce memory usage. Loaded Objects now: 3049.
Total: 3.507400 ms (FindLiveObjects: 0.239500 ms CreateObjectMapping: 0.129300 ms MarkObjects: 2.944000 ms  DeleteObjects: 0.193600 ms)

AssetImportParameters requested are different than current active one (requested -> active):
  custom:framework-win-MediaFoundation: 216162199b28c13a410421893ffa2e32 -> 
  custom:video-decoder-ogg-theora: a1e56fd34408186e4bbccfd4996cb3dc -> 
  custom:container-muxer-webm: aa71ff27fc2769a1b78a27578f13a17b -> 
  custom:container-demuxer-webm: 4f35f7cbe854078d1ac9338744f61a02 -> 
  custom:container-demuxer-ogg: 62fdf1f143b41e24485cea50d1cbac27 -> 
  custom:video-encoder-webm-vp8: eb34c28f22e8b96e1ab97ce403110664 -> 
  custom:video-codec-MediaFoundation-h265: 746d11721c4dcdbdad8f713fa42b33f4 -> 
  custom:video-decoder-webm-vp8: 9c59270c3fd7afecdb556c50c9e8de78 -> 
  custom:audio-decoder-ogg-vorbis: bf7c407c2cedff20999df2af8eb42d56 -> 
  custom:audio-encoder-webm-vorbis: bf7c407c2cedff20999df2af8eb42d56 -> 
========================================================================
Received Prepare
Registering precompiled user dll's ...
Registered in 0.002649 seconds.
Begin MonoManager ReloadAssembly
Native extension for WindowsStandalone target not found
Refreshing native plugins compatible for Editor in 0.46 ms, found 3 plugins.
Preloading 0 native plugins for Editor in 0.00 ms.
Mono: successfully reloaded assembly
- Completed reload, in  0.981 seconds
Domain Reload Profiling:
	ReloadAssembly (981ms)
		BeginReloadAssembly (124ms)
			ExecutionOrderSort (0ms)
			DisableScriptedObjects (10ms)
			BackupInstance (0ms)
			ReleaseScriptingObjects (0ms)
			CreateAndSetChildDomain (33ms)
		EndReloadAssembly (802ms)
			LoadAssemblies (89ms)
			RebuildTransferFunctionScriptingTraits (0ms)
			SetupTypeCache (273ms)
			ReleaseScriptCaches (1ms)
			RebuildScriptCaches (41ms)
			SetupLoadedEditorAssemblies (296ms)
				LogAssemblyErrors (0ms)
				InitializePlatformSupportModulesInManaged (5ms)
				SetLoadedEditorAssemblies (0ms)
				RefreshPlugins (1ms)
				BeforeProcessingInitializeOnLoad (82ms)
				ProcessInitializeOnLoadAttributes (195ms)
				ProcessInitializeOnLoadMethodAttributes (8ms)
				AfterProcessingInitializeOnLoad (5ms)
				EditorAssembliesLoaded (0ms)
			ExecutionOrderSort2 (0ms)
			AwakeInstancesAfterBackupRestoration (15ms)
Platform modules already initialized, skipping
Refreshing native plugins compatible for Editor in 0.47 ms, found 3 plugins.
Preloading 0 native plugins for Editor in 0.00 ms.
Unloading 2230 Unused Serialized files (Serialized files now loaded: 0)
System memory in use before: 124.5 MB.
System memory in use after: 124.4 MB.

Unloading 16 unused Assets to reduce memory usage. Loaded Objects now: 3052.
Total: 3.828800 ms (FindLiveObjects: 0.265600 ms CreateObjectMapping: 0.196000 ms MarkObjects: 3.180400 ms  DeleteObjects: 0.185700 ms)

AssetImportParameters requested are different than current active one (requested -> active):
  custom:framework-win-MediaFoundation: 216162199b28c13a410421893ffa2e32 -> 
  custom:video-decoder-ogg-theora: a1e56fd34408186e4bbccfd4996cb3dc -> 
  custom:container-muxer-webm: aa71ff27fc2769a1b78a27578f13a17b -> 
  custom:container-demuxer-webm: 4f35f7cbe854078d1ac9338744f61a02 -> 
  custom:container-demuxer-ogg: 62fdf1f143b41e24485cea50d1cbac27 -> 
  custom:video-encoder-webm-vp8: eb34c28f22e8b96e1ab97ce403110664 -> 
  custom:video-codec-MediaFoundation-h265: 746d11721c4dcdbdad8f713fa42b33f4 -> 
  custom:video-decoder-webm-vp8: 9c59270c3fd7afecdb556c50c9e8de78 -> 
  custom:audio-decoder-ogg-vorbis: bf7c407c2cedff20999df2af8eb42d56 -> 
  custom:audio-encoder-webm-vorbis: bf7c407c2cedff20999df2af8eb42d56 -> 
AssetImportWorkerClient::OnTransportError - code=2 error=End of file
